<?xml version="1.0" encoding="UTF-8"?>
<testng-results skipped="0" failed="1" ignored="0" total="3" passed="2">
  <reporter-output>
  </reporter-output>
  <suite name="Default suite" duration-ms="20123" started-at="2021-06-08T18:43:53Z" finished-at="2021-06-08T18:44:13Z">
    <groups>
    </groups>
    <test name="Default test" duration-ms="20123" started-at="2021-06-08T18:43:53Z" finished-at="2021-06-08T18:44:13Z">
      <class name="tests.TestSettings">
        <test-method status="PASS" signature="loginAndDriver()[pri:0, instance:tests.TestSettings@e25b2fe]" name="loginAndDriver" is-config="true" duration-ms="9359" started-at="2021-06-08T18:43:53Z" finished-at="2021-06-08T18:44:03Z">
          <reporter-output>
          </reporter-output>
        </test-method> <!-- loginAndDriver -->
        <test-method status="PASS" signature="testChangeLanguage()[pri:1, instance:tests.TestSettings@e25b2fe]" name="testChangeLanguage" duration-ms="6276" started-at="2021-06-08T18:44:03Z" finished-at="2021-06-08T18:44:09Z">
          <reporter-output>
          </reporter-output>
        </test-method> <!-- testChangeLanguage -->
        <test-method status="PASS" signature="testDisableNotifs()[pri:2, instance:tests.TestSettings@e25b2fe]" name="testDisableNotifs" duration-ms="675" started-at="2021-06-08T18:44:09Z" finished-at="2021-06-08T18:44:10Z">
          <reporter-output>
          </reporter-output>
        </test-method> <!-- testDisableNotifs -->
        <test-method status="FAIL" signature="testChangeAccount()[pri:3, instance:tests.TestSettings@e25b2fe]" name="testChangeAccount" duration-ms="3774" started-at="2021-06-08T18:44:10Z" finished-at="2021-06-08T18:44:13Z">
          <exception class="org.openqa.selenium.ElementClickInterceptedException">
            <message>
              <![CDATA[element click intercepted: Element <a href="https://misternobody.humanity.com/app/staff/detail/6357946/" onclick="_sub('staff', 'OverView', 'id=6357946'); return false;">...</a> is not clickable at point (349, 7). Other element would receive the click: <span class="primNavQtip__inner">...</span>
  (Session info: chrome=91.0.4472.77)
Build info: version: '3.141.59', revision: 'e82be7d358', time: '2018-11-14T08:25:48'
System info: host: 'DESKTOP-QA3LEUT', ip: '192.168.1.30', os.name: 'Windows 10', os.arch: 'amd64', os.version: '10.0', java.version: '1.8.0_281'
Driver info: org.openqa.selenium.chrome.ChromeDriver
Capabilities {acceptInsecureCerts: false, browserName: chrome, browserVersion: 91.0.4472.77, chrome: {chromedriverVersion: 90.0.4430.24 (4c6d850f087da..., userDataDir: C:\Users\bozdr\AppData\Loca...}, goog:chromeOptions: {debuggerAddress: localhost:59156}, javascriptEnabled: true, networkConnectionEnabled: false, pageLoadStrategy: normal, platform: WINDOWS, platformName: WINDOWS, proxy: Proxy(), setWindowRect: true, strictFileInteractability: false, timeouts: {implicit: 0, pageLoad: 300000, script: 30000}, unhandledPromptBehavior: dismiss and notify, webauthn:extension:largeBlob: true, webauthn:virtualAuthenticators: true}
Session ID: 89252194b7d884133bc326d9046ed0be]]>
            </message>
            <full-stacktrace>
              <![CDATA[org.openqa.selenium.ElementClickInterceptedException: element click intercepted: Element <a href="https://misternobody.humanity.com/app/staff/detail/6357946/" onclick="_sub('staff', 'OverView', 'id=6357946'); return false;">...</a> is not clickable at point (349, 7). Other element would receive the click: <span class="primNavQtip__inner">...</span>
  (Session info: chrome=91.0.4472.77)
Build info: version: '3.141.59', revision: 'e82be7d358', time: '2018-11-14T08:25:48'
System info: host: 'DESKTOP-QA3LEUT', ip: '192.168.1.30', os.name: 'Windows 10', os.arch: 'amd64', os.version: '10.0', java.version: '1.8.0_281'
Driver info: org.openqa.selenium.chrome.ChromeDriver
Capabilities {acceptInsecureCerts: false, browserName: chrome, browserVersion: 91.0.4472.77, chrome: {chromedriverVersion: 90.0.4430.24 (4c6d850f087da..., userDataDir: C:\Users\bozdr\AppData\Loca...}, goog:chromeOptions: {debuggerAddress: localhost:59156}, javascriptEnabled: true, networkConnectionEnabled: false, pageLoadStrategy: normal, platform: WINDOWS, platformName: WINDOWS, proxy: Proxy(), setWindowRect: true, strictFileInteractability: false, timeouts: {implicit: 0, pageLoad: 300000, script: 30000}, unhandledPromptBehavior: dismiss and notify, webauthn:extension:largeBlob: true, webauthn:virtualAuthenticators: true}
Session ID: 89252194b7d884133bc326d9046ed0be
at sun.reflect.NativeConstructorAccessorImpl.newInstance0(Native Method)
at sun.reflect.NativeConstructorAccessorImpl.newInstance(Unknown Source)
at sun.reflect.DelegatingConstructorAccessorImpl.newInstance(Unknown Source)
at java.lang.reflect.Constructor.newInstance(Unknown Source)
at org.openqa.selenium.remote.http.W3CHttpResponseCodec.createException(W3CHttpResponseCodec.java:187)
at org.openqa.selenium.remote.http.W3CHttpResponseCodec.decode(W3CHttpResponseCodec.java:122)
at org.openqa.selenium.remote.http.W3CHttpResponseCodec.decode(W3CHttpResponseCodec.java:49)
at org.openqa.selenium.remote.HttpCommandExecutor.execute(HttpCommandExecutor.java:158)
at org.openqa.selenium.remote.service.DriverCommandExecutor.execute(DriverCommandExecutor.java:83)
at org.openqa.selenium.remote.RemoteWebDriver.execute(RemoteWebDriver.java:552)
at org.openqa.selenium.remote.RemoteWebElement.execute(RemoteWebElement.java:285)
at org.openqa.selenium.remote.RemoteWebElement.click(RemoteWebElement.java:84)
at tests.TestSettings.testChangeAccount(TestSettings.java:125)
at sun.reflect.NativeMethodAccessorImpl.invoke0(Native Method)
at sun.reflect.NativeMethodAccessorImpl.invoke(Unknown Source)
at sun.reflect.DelegatingMethodAccessorImpl.invoke(Unknown Source)
at java.lang.reflect.Method.invoke(Unknown Source)
at org.testng.internal.MethodInvocationHelper.invokeMethod(MethodInvocationHelper.java:124)
at org.testng.internal.Invoker.invokeMethod(Invoker.java:583)
at org.testng.internal.Invoker.invokeTestMethod(Invoker.java:719)
at org.testng.internal.Invoker.invokeTestMethods(Invoker.java:989)
at org.testng.internal.TestMethodWorker.invokeTestMethods(TestMethodWorker.java:125)
at org.testng.internal.TestMethodWorker.run(TestMethodWorker.java:109)
at org.testng.TestRunner.privateRun(TestRunner.java:648)
at org.testng.TestRunner.run(TestRunner.java:505)
at org.testng.SuiteRunner.runTest(SuiteRunner.java:455)
at org.testng.SuiteRunner.runSequentially(SuiteRunner.java:450)
at org.testng.SuiteRunner.privateRun(SuiteRunner.java:415)
at org.testng.SuiteRunner.run(SuiteRunner.java:364)
at org.testng.SuiteRunnerWorker.runSuite(SuiteRunnerWorker.java:52)
at org.testng.SuiteRunnerWorker.run(SuiteRunnerWorker.java:84)
at org.testng.TestNG.runSuitesSequentially(TestNG.java:1208)
at org.testng.TestNG.runSuitesLocally(TestNG.java:1137)
at org.testng.TestNG.runSuites(TestNG.java:1049)
at org.testng.TestNG.run(TestNG.java:1017)
at org.testng.remote.AbstractRemoteTestNG.run(AbstractRemoteTestNG.java:114)
at org.testng.remote.RemoteTestNG.initAndRun(RemoteTestNG.java:251)
at org.testng.remote.RemoteTestNG.main(RemoteTestNG.java:77)
]]>
            </full-stacktrace>
          </exception> <!-- org.openqa.selenium.ElementClickInterceptedException -->
          <reporter-output>
          </reporter-output>
        </test-method> <!-- testChangeAccount -->
      </class> <!-- tests.TestSettings -->
    </test> <!-- Default test -->
  </suite> <!-- Default suite -->
</testng-results>
